2025-09-14 22:05:38,553 - INFO - === MIGRACIÓN DE BASE DE DATOS - SISTEMA GESTIÓN PROYECTOS TI ===
2025-09-14 22:05:38,555 - INFO - 🔧 Configuración: user@db:5432/project_manager
2025-09-14 22:05:38,556 - INFO - ⚠️  ATENCIÓN: Esta migración recreará completamente la estructura de la base de datos
2025-09-14 22:05:38,556 - INFO - 📊 Se perderán todos los datos existentes
2025-09-14 22:05:38,557 - INFO - 💾 Se recomienda tener un respaldo antes de continuar
2025-09-14 22:11:23,674 - INFO - === MIGRACIÓN DE BASE DE DATOS - SISTEMA GESTIÓN PROYECTOS TI ===
2025-09-14 22:11:23,675 - INFO - 🔧 Configuración: user@db:5432/project_manager
2025-09-14 22:11:23,676 - INFO - ⚠️  ATENCIÓN: Esta migración recreará completamente la estructura de la base de datos
2025-09-14 22:11:23,676 - INFO - 📊 Se perderán todos los datos existentes
2025-09-14 22:11:23,677 - INFO - 💾 Se recomienda tener un respaldo antes de continuar
2025-09-14 22:13:38,719 - INFO - === MIGRACIÓN DE BASE DE DATOS - SISTEMA GESTIÓN PROYECTOS TI ===
2025-09-14 22:13:38,720 - INFO - 🔧 Configuración: user@db:5432/project_manager
2025-09-14 22:13:38,721 - INFO - ⚠️  ATENCIÓN: Esta migración recreará completamente la estructura de la base de datos
2025-09-14 22:13:38,721 - INFO - 📊 Se perderán todos los datos existentes
2025-09-14 22:13:38,722 - INFO - 💾 Se recomienda tener un respaldo antes de continuar
2025-09-14 22:15:29,987 - INFO - === MIGRACIÓN DE BASE DE DATOS - SISTEMA GESTIÓN PROYECTOS TI ===
2025-09-14 22:15:29,988 - INFO - 🔧 Configuración: user@db:5432/project_manager
2025-09-14 22:15:29,989 - INFO - ⚠️  ATENCIÓN: Esta migración recreará completamente la estructura de la base de datos
2025-09-14 22:15:29,989 - INFO - 📊 Se perderán todos los datos existentes
2025-09-14 22:15:29,990 - INFO - 💾 Se recomienda tener un respaldo antes de continuar
2025-09-14 22:15:29,990 - INFO - 🚀 Continuando automáticamente...
2025-09-14 22:15:30,025 - WARNING - Error creando respaldo: name 'datetime' is not defined
2025-09-14 22:15:30,040 - ERROR - Error creando base de datos: connection to server at "db" (172.19.0.3), port 5432 failed: FATAL:  database "user" does not exist

2025-09-14 22:15:30,042 - ERROR - ❌ No se pudo crear la base de datos
2025-09-14 22:16:37,756 - INFO - 🔧 Configuración DB: {'host': 'db', 'port': 5432, 'user': 'user', 'password': 'password', 'database': 'project_manager'}
2025-09-14 22:16:37,757 - INFO - === MIGRACIÓN DE BASE DE DATOS - SISTEMA GESTIÓN PROYECTOS TI ===
2025-09-14 22:16:37,758 - INFO - 🔧 Configuración: user@db:5432/project_manager
2025-09-14 22:16:37,758 - INFO - ⚠️  ATENCIÓN: Esta migración recreará completamente la estructura de la base de datos
2025-09-14 22:16:37,759 - INFO - 📊 Se perderán todos los datos existentes
2025-09-14 22:16:37,759 - INFO - 💾 Se recomienda tener un respaldo antes de continuar
2025-09-14 22:16:37,759 - INFO - 🚀 Continuando automáticamente...
2025-09-14 22:16:37,787 - INFO - Creando respaldo en: backup_project_manager_20250914_221637.sql
2025-09-14 22:16:37,816 - WARNING - Error creando respaldo: [Errno 2] No such file or directory: 'pg_dump'
2025-09-14 22:16:37,825 - ERROR - Error creando base de datos: connection to server at "db" (172.19.0.3), port 5432 failed: FATAL:  database "user" does not exist

2025-09-14 22:16:37,825 - ERROR - ❌ No se pudo crear la base de datos
2025-09-14 22:16:43,702 - INFO - 🔧 Configuración DB: {'host': 'db', 'port': 5432, 'user': 'user', 'password': 'password', 'database': 'project_manager'}
2025-09-14 22:16:43,703 - INFO - === MIGRACIÓN DE BASE DE DATOS - SISTEMA GESTIÓN PROYECTOS TI ===
2025-09-14 22:16:43,703 - INFO - 🔧 Configuración: user@db:5432/project_manager
2025-09-14 22:16:43,703 - INFO - ⚠️  ATENCIÓN: Esta migración recreará completamente la estructura de la base de datos
2025-09-14 22:16:43,704 - INFO - 📊 Se perderán todos los datos existentes
2025-09-14 22:16:43,704 - INFO - 💾 Se recomienda tener un respaldo antes de continuar
2025-09-14 22:16:43,704 - INFO - 🚀 Continuando automáticamente...
2025-09-14 22:16:43,733 - INFO - Creando respaldo en: backup_project_manager_20250914_221643.sql
2025-09-14 22:16:43,735 - WARNING - Error creando respaldo: [Errno 2] No such file or directory: 'pg_dump'
2025-09-14 22:16:43,745 - ERROR - Error creando base de datos: connection to server at "db" (172.19.0.3), port 5432 failed: FATAL:  database "user" does not exist

2025-09-14 22:16:43,749 - ERROR - ❌ No se pudo crear la base de datos
2025-09-14 22:19:03,503 - INFO - 🔧 Configuración DB: {'host': 'db', 'port': 5432, 'user': 'user', 'password': 'password', 'database': 'project_manager'}
2025-09-14 22:19:03,503 - INFO - === MIGRACIÓN DE BASE DE DATOS - SISTEMA GESTIÓN PROYECTOS TI ===
2025-09-14 22:19:03,504 - INFO - 🔧 Configuración: user@db:5432/project_manager
2025-09-14 22:19:03,504 - INFO - ⚠️  ATENCIÓN: Esta migración recreará completamente la estructura de la base de datos
2025-09-14 22:19:03,505 - INFO - 📊 Se perderán todos los datos existentes
2025-09-14 22:19:03,506 - INFO - 💾 Se recomienda tener un respaldo antes de continuar
2025-09-14 22:19:03,506 - INFO - 🚀 Continuando automáticamente...
2025-09-14 22:19:03,563 - INFO - Creando respaldo en: backup_project_manager_20250914_221903.sql
2025-09-14 22:19:03,566 - WARNING - Error creando respaldo: [Errno 2] No such file or directory: 'pg_dump'
2025-09-14 22:19:03,655 - INFO - Base de datos project_manager ya existe
2025-09-14 22:19:03,658 - INFO - 🔄 Ejecutando migración principal...
2025-09-14 22:19:03,673 - INFO - Ejecutando archivo SQL: /app/database_migration.sql
2025-09-14 22:19:04,591 - WARNING - Error en comando 115: can't execute an empty query
2025-09-14 22:19:04,651 - INFO - Archivo /app/database_migration.sql ejecutado exitosamente
2025-09-14 22:19:04,654 - INFO - 🔄 Creando vistas SQL...
2025-09-14 22:19:04,664 - INFO - Ejecutando archivo SQL: /app/database_views.sql
2025-09-14 22:19:04,698 - WARNING - Error en comando 3: syntax error at or near "do"
LINE 6:     do.content as latest_observation,
            ^

2025-09-14 22:19:04,699 - WARNING - Error en comando 4: current transaction is aborted, commands ignored until end of transaction block

2025-09-14 22:19:04,700 - WARNING - Error en comando 5: current transaction is aborted, commands ignored until end of transaction block

2025-09-14 22:19:04,702 - WARNING - Error en comando 6: current transaction is aborted, commands ignored until end of transaction block

2025-09-14 22:19:04,703 - WARNING - Error en comando 7: current transaction is aborted, commands ignored until end of transaction block

2025-09-14 22:19:04,704 - WARNING - Error en comando 8: current transaction is aborted, commands ignored until end of transaction block

2025-09-14 22:19:04,705 - WARNING - Error en comando 9: current transaction is aborted, commands ignored until end of transaction block

2025-09-14 22:19:04,706 - WARNING - Error en comando 10: current transaction is aborted, commands ignored until end of transaction block

2025-09-14 22:19:04,707 - WARNING - Error en comando 11: current transaction is aborted, commands ignored until end of transaction block

2025-09-14 22:19:04,708 - WARNING - Error en comando 12: current transaction is aborted, commands ignored until end of transaction block

2025-09-14 22:19:04,709 - WARNING - Error en comando 13: current transaction is aborted, commands ignored until end of transaction block

2025-09-14 22:19:04,710 - WARNING - Error en comando 14: current transaction is aborted, commands ignored until end of transaction block

2025-09-14 22:19:04,711 - WARNING - Error en comando 15: current transaction is aborted, commands ignored until end of transaction block

2025-09-14 22:19:04,713 - WARNING - Error en comando 16: current transaction is aborted, commands ignored until end of transaction block

2025-09-14 22:19:04,713 - WARNING - Error en comando 17: current transaction is aborted, commands ignored until end of transaction block

2025-09-14 22:19:04,715 - WARNING - Error en comando 18: can't execute an empty query
2025-09-14 22:19:04,716 - INFO - Archivo /app/database_views.sql ejecutado exitosamente
2025-09-14 22:19:04,718 - INFO - 🌱 Poblando datos seed...
2025-09-14 22:19:04,729 - INFO - Ejecutando archivo SQL: /app/seed_data.sql
2025-09-14 22:19:04,747 - WARNING - Error en comando 5: duplicate key value violates unique constraint "quality_control_catalog_control_code_key"
DETAIL:  Key (control_code)=(C003-GT) already exists.

2025-09-14 22:19:04,748 - WARNING - Error en comando 6: current transaction is aborted, commands ignored until end of transaction block

2025-09-14 22:19:04,749 - WARNING - Error en comando 7: current transaction is aborted, commands ignored until end of transaction block

2025-09-14 22:19:04,750 - WARNING - Error en comando 8: current transaction is aborted, commands ignored until end of transaction block

2025-09-14 22:19:04,753 - WARNING - Error en comando 9: current transaction is aborted, commands ignored until end of transaction block

2025-09-14 22:19:04,755 - WARNING - Error en comando 10: current transaction is aborted, commands ignored until end of transaction block

2025-09-14 22:19:04,756 - WARNING - Error en comando 11: current transaction is aborted, commands ignored until end of transaction block

2025-09-14 22:19:04,760 - WARNING - Error en comando 12: current transaction is aborted, commands ignored until end of transaction block

2025-09-14 22:19:04,763 - WARNING - Error en comando 13: current transaction is aborted, commands ignored until end of transaction block

2025-09-14 22:19:04,764 - WARNING - Error en comando 14: current transaction is aborted, commands ignored until end of transaction block

2025-09-14 22:19:04,766 - WARNING - Error en comando 15: current transaction is aborted, commands ignored until end of transaction block

2025-09-14 22:19:04,767 - WARNING - Error en comando 16: current transaction is aborted, commands ignored until end of transaction block

2025-09-14 22:19:04,768 - WARNING - Error en comando 17: can't execute an empty query
2025-09-14 22:19:04,769 - INFO - Archivo /app/seed_data.sql ejecutado exitosamente
2025-09-14 22:19:04,770 - INFO - ✅ Datos seed poblados exitosamente
2025-09-14 22:19:04,770 - INFO - 🔍 Verificando migración...
2025-09-14 22:19:04,786 - INFO - Verificando migración...
2025-09-14 22:19:04,790 - INFO - Tabla development_phases: 3 registros
2025-09-14 22:19:04,793 - INFO - Tabla development_stages: 11 registros
2025-09-14 22:19:04,796 - INFO - Tabla developments: 0 registros
2025-09-14 22:19:04,800 - INFO - Tabla quality_control_catalog: 4 registros
2025-09-14 22:19:04,817 - INFO - Vistas creadas: 0
2025-09-14 22:19:04,818 - INFO - Verificación completada exitosamente
2025-09-14 22:19:04,818 - INFO - === ✅ MIGRACIÓN COMPLETADA EXITOSAMENTE ===
2025-09-14 22:19:04,819 - INFO - 🎉 La nueva estructura de base de datos está lista para usar
2025-09-14 22:19:04,820 - INFO - 📁 Revisa el archivo migration.log para detalles completos
2025-09-14 22:25:28,040 - INFO - 🔧 Configuración DB: {'host': 'db', 'port': 5432, 'user': 'user', 'password': 'password', 'database': 'project_manager'}
2025-09-14 22:25:28,041 - INFO - === MIGRACIÓN DE BASE DE DATOS - SISTEMA GESTIÓN PROYECTOS TI ===
2025-09-14 22:25:28,042 - INFO - 🔧 Configuración: user@db:5432/project_manager
2025-09-14 22:25:28,042 - INFO - ⚠️  ATENCIÓN: Esta migración recreará completamente la estructura de la base de datos
2025-09-14 22:25:28,043 - INFO - 📊 Se perderán todos los datos existentes
2025-09-14 22:25:28,043 - INFO - 💾 Se recomienda tener un respaldo antes de continuar
2025-09-14 22:25:28,044 - INFO - 🚀 Continuando automáticamente...
2025-09-14 22:25:28,070 - INFO - Creando respaldo en: backup_project_manager_20250914_222528.sql
2025-09-14 22:25:28,073 - WARNING - Error creando respaldo: [Errno 2] No such file or directory: 'pg_dump'
2025-09-14 22:25:28,109 - INFO - Base de datos project_manager ya existe
2025-09-14 22:25:28,111 - INFO - 🔄 Ejecutando migración principal...
2025-09-14 22:25:28,138 - INFO - Ejecutando archivo SQL: /app/database_migration.sql
2025-09-14 22:25:28,951 - WARNING - Error en comando 115: can't execute an empty query
2025-09-14 22:25:29,013 - INFO - Archivo /app/database_migration.sql ejecutado exitosamente
2025-09-14 22:25:29,015 - INFO - 🔄 Creando vistas SQL...
2025-09-14 22:25:29,030 - INFO - Ejecutando archivo SQL: /app/database_views.sql
2025-09-14 22:25:29,054 - WARNING - Error en comando 3: syntax error at or near "do"
LINE 6:     do.content as latest_observation,
            ^

2025-09-14 22:25:29,055 - WARNING - Error en comando 4: current transaction is aborted, commands ignored until end of transaction block

2025-09-14 22:25:29,056 - WARNING - Error en comando 5: current transaction is aborted, commands ignored until end of transaction block

2025-09-14 22:25:29,059 - WARNING - Error en comando 6: current transaction is aborted, commands ignored until end of transaction block

2025-09-14 22:25:29,062 - WARNING - Error en comando 7: current transaction is aborted, commands ignored until end of transaction block

2025-09-14 22:25:29,064 - WARNING - Error en comando 8: current transaction is aborted, commands ignored until end of transaction block

2025-09-14 22:25:29,065 - WARNING - Error en comando 9: current transaction is aborted, commands ignored until end of transaction block

2025-09-14 22:25:29,068 - WARNING - Error en comando 10: current transaction is aborted, commands ignored until end of transaction block

2025-09-14 22:25:29,070 - WARNING - Error en comando 11: current transaction is aborted, commands ignored until end of transaction block

2025-09-14 22:25:29,071 - WARNING - Error en comando 12: current transaction is aborted, commands ignored until end of transaction block

2025-09-14 22:25:29,072 - WARNING - Error en comando 13: current transaction is aborted, commands ignored until end of transaction block

2025-09-14 22:25:29,073 - WARNING - Error en comando 14: current transaction is aborted, commands ignored until end of transaction block

2025-09-14 22:25:29,074 - WARNING - Error en comando 15: current transaction is aborted, commands ignored until end of transaction block

2025-09-14 22:25:29,076 - WARNING - Error en comando 16: current transaction is aborted, commands ignored until end of transaction block

2025-09-14 22:25:29,077 - WARNING - Error en comando 17: current transaction is aborted, commands ignored until end of transaction block

2025-09-14 22:25:29,079 - WARNING - Error en comando 18: can't execute an empty query
2025-09-14 22:25:29,080 - INFO - Archivo /app/database_views.sql ejecutado exitosamente
2025-09-14 22:25:29,081 - INFO - 🌱 Poblando datos seed...
2025-09-14 22:25:29,097 - INFO - Ejecutando archivo SQL: /app/seed_data.sql
2025-09-14 22:25:29,124 - WARNING - Error en comando 5: duplicate key value violates unique constraint "quality_control_catalog_control_code_key"
DETAIL:  Key (control_code)=(C003-GT) already exists.

2025-09-14 22:25:29,125 - WARNING - Error en comando 6: current transaction is aborted, commands ignored until end of transaction block

2025-09-14 22:25:29,127 - WARNING - Error en comando 7: current transaction is aborted, commands ignored until end of transaction block

2025-09-14 22:25:29,129 - WARNING - Error en comando 8: current transaction is aborted, commands ignored until end of transaction block

2025-09-14 22:25:29,130 - WARNING - Error en comando 9: current transaction is aborted, commands ignored until end of transaction block

2025-09-14 22:25:29,131 - WARNING - Error en comando 10: current transaction is aborted, commands ignored until end of transaction block

2025-09-14 22:25:29,132 - WARNING - Error en comando 11: current transaction is aborted, commands ignored until end of transaction block

2025-09-14 22:25:29,133 - WARNING - Error en comando 12: current transaction is aborted, commands ignored until end of transaction block

2025-09-14 22:25:29,134 - WARNING - Error en comando 13: current transaction is aborted, commands ignored until end of transaction block

2025-09-14 22:25:29,135 - WARNING - Error en comando 14: current transaction is aborted, commands ignored until end of transaction block

2025-09-14 22:25:29,136 - WARNING - Error en comando 15: current transaction is aborted, commands ignored until end of transaction block

2025-09-14 22:25:29,137 - WARNING - Error en comando 16: current transaction is aborted, commands ignored until end of transaction block

2025-09-14 22:25:29,138 - WARNING - Error en comando 17: can't execute an empty query
2025-09-14 22:25:29,139 - INFO - Archivo /app/seed_data.sql ejecutado exitosamente
2025-09-14 22:25:29,140 - INFO - ✅ Datos seed poblados exitosamente
2025-09-14 22:25:29,140 - INFO - 🔍 Verificando migración...
2025-09-14 22:25:29,169 - INFO - Verificando migración...
2025-09-14 22:25:29,173 - INFO - Tabla development_phases: 3 registros
2025-09-14 22:25:29,176 - INFO - Tabla development_stages: 11 registros
2025-09-14 22:25:29,181 - INFO - Tabla developments: 0 registros
2025-09-14 22:25:29,183 - INFO - Tabla quality_control_catalog: 4 registros
2025-09-14 22:25:29,194 - INFO - Vistas creadas: 0
2025-09-14 22:25:29,195 - INFO - Verificación completada exitosamente
2025-09-14 22:25:29,195 - INFO - === ✅ MIGRACIÓN COMPLETADA EXITOSAMENTE ===
2025-09-14 22:25:29,196 - INFO - 🎉 La nueva estructura de base de datos está lista para usar
2025-09-14 22:25:29,197 - INFO - 📁 Revisa el archivo migration.log para detalles completos
2025-09-15 02:13:48,760 - INFO - 🔧 Configuración DB: {'host': 'db', 'port': 5432, 'user': 'user', 'password': 'password', 'database': 'project_manager'}
2025-09-15 02:13:48,764 - INFO - === MIGRACIÓN DE BASE DE DATOS - SISTEMA GESTIÓN PROYECTOS TI ===
2025-09-15 02:13:48,766 - INFO - 🔧 Configuración: user@db:5432/project_manager
2025-09-15 02:13:48,771 - INFO - ⚠️  ATENCIÓN: Esta migración recreará completamente la estructura de la base de datos
2025-09-15 02:13:48,775 - INFO - 📊 Se perderán todos los datos existentes
2025-09-15 02:13:48,776 - INFO - 💾 Se recomienda tener un respaldo antes de continuar
2025-09-15 02:13:48,777 - INFO - 🚀 Continuando automáticamente...
2025-09-15 02:13:48,895 - INFO - Creando respaldo en: backup_project_manager_20250915_021348.sql
2025-09-15 02:13:48,913 - WARNING - Error creando respaldo: [Errno 2] No such file or directory: 'pg_dump'
2025-09-15 02:13:49,128 - INFO - Base de datos project_manager ya existe
2025-09-15 02:13:49,131 - INFO - 🔄 Ejecutando migración principal...
2025-09-15 02:13:49,191 - INFO - Ejecutando archivo SQL: /app/database_migration.sql
2025-09-15 02:13:54,313 - WARNING - Error en comando 115: can't execute an empty query
2025-09-15 02:13:54,546 - INFO - Archivo /app/database_migration.sql ejecutado exitosamente
2025-09-15 02:13:54,553 - INFO - 🔄 Creando vistas SQL...
2025-09-15 02:13:54,599 - INFO - Ejecutando archivo SQL: /app/database_views.sql
2025-09-15 02:13:54,678 - WARNING - Error en comando 3: syntax error at or near "do"
LINE 6:     do.content as latest_observation,
            ^

2025-09-15 02:13:54,680 - WARNING - Error en comando 4: current transaction is aborted, commands ignored until end of transaction block

2025-09-15 02:13:54,684 - WARNING - Error en comando 5: current transaction is aborted, commands ignored until end of transaction block

2025-09-15 02:13:54,685 - WARNING - Error en comando 6: current transaction is aborted, commands ignored until end of transaction block

2025-09-15 02:13:54,689 - WARNING - Error en comando 7: current transaction is aborted, commands ignored until end of transaction block

2025-09-15 02:13:54,692 - WARNING - Error en comando 8: current transaction is aborted, commands ignored until end of transaction block

2025-09-15 02:13:54,694 - WARNING - Error en comando 9: current transaction is aborted, commands ignored until end of transaction block

2025-09-15 02:13:54,696 - WARNING - Error en comando 10: current transaction is aborted, commands ignored until end of transaction block

2025-09-15 02:13:54,697 - WARNING - Error en comando 11: current transaction is aborted, commands ignored until end of transaction block

2025-09-15 02:13:54,699 - WARNING - Error en comando 12: current transaction is aborted, commands ignored until end of transaction block

2025-09-15 02:13:54,700 - WARNING - Error en comando 13: current transaction is aborted, commands ignored until end of transaction block

2025-09-15 02:13:54,702 - WARNING - Error en comando 14: current transaction is aborted, commands ignored until end of transaction block

2025-09-15 02:13:54,703 - WARNING - Error en comando 15: current transaction is aborted, commands ignored until end of transaction block

2025-09-15 02:13:54,704 - WARNING - Error en comando 16: current transaction is aborted, commands ignored until end of transaction block

2025-09-15 02:13:54,705 - WARNING - Error en comando 17: current transaction is aborted, commands ignored until end of transaction block

2025-09-15 02:13:54,706 - WARNING - Error en comando 18: can't execute an empty query
2025-09-15 02:13:54,707 - INFO - Archivo /app/database_views.sql ejecutado exitosamente
2025-09-15 02:13:54,709 - INFO - 🌱 Poblando datos seed...
2025-09-15 02:13:54,727 - INFO - Ejecutando archivo SQL: /app/seed_data.sql
2025-09-15 02:13:54,750 - WARNING - Error en comando 5: duplicate key value violates unique constraint "quality_control_catalog_control_code_key"
DETAIL:  Key (control_code)=(C003-GT) already exists.

2025-09-15 02:13:54,752 - WARNING - Error en comando 6: current transaction is aborted, commands ignored until end of transaction block

2025-09-15 02:13:54,753 - WARNING - Error en comando 7: current transaction is aborted, commands ignored until end of transaction block

2025-09-15 02:13:54,754 - WARNING - Error en comando 8: current transaction is aborted, commands ignored until end of transaction block

2025-09-15 02:13:54,755 - WARNING - Error en comando 9: current transaction is aborted, commands ignored until end of transaction block

2025-09-15 02:13:54,756 - WARNING - Error en comando 10: current transaction is aborted, commands ignored until end of transaction block

2025-09-15 02:13:54,758 - WARNING - Error en comando 11: current transaction is aborted, commands ignored until end of transaction block

2025-09-15 02:13:54,759 - WARNING - Error en comando 12: current transaction is aborted, commands ignored until end of transaction block

2025-09-15 02:13:54,761 - WARNING - Error en comando 13: current transaction is aborted, commands ignored until end of transaction block

2025-09-15 02:13:54,762 - WARNING - Error en comando 14: current transaction is aborted, commands ignored until end of transaction block

2025-09-15 02:13:54,763 - WARNING - Error en comando 15: current transaction is aborted, commands ignored until end of transaction block

2025-09-15 02:13:54,764 - WARNING - Error en comando 16: current transaction is aborted, commands ignored until end of transaction block

2025-09-15 02:13:54,765 - WARNING - Error en comando 17: can't execute an empty query
2025-09-15 02:13:54,766 - INFO - Archivo /app/seed_data.sql ejecutado exitosamente
2025-09-15 02:13:54,768 - INFO - ✅ Datos seed poblados exitosamente
2025-09-15 02:13:54,768 - INFO - 🔍 Verificando migración...
2025-09-15 02:13:54,806 - INFO - Verificando migración...
2025-09-15 02:13:54,812 - INFO - Tabla development_phases: 3 registros
2025-09-15 02:13:54,816 - INFO - Tabla development_stages: 11 registros
2025-09-15 02:13:54,822 - INFO - Tabla developments: 0 registros
2025-09-15 02:13:54,825 - INFO - Tabla quality_control_catalog: 4 registros
2025-09-15 02:13:54,868 - INFO - Vistas creadas: 0
2025-09-15 02:13:54,869 - INFO - Verificación completada exitosamente
2025-09-15 02:13:54,870 - INFO - === ✅ MIGRACIÓN COMPLETADA EXITOSAMENTE ===
2025-09-15 02:13:54,871 - INFO - 🎉 La nueva estructura de base de datos está lista para usar
2025-09-15 02:13:54,872 - INFO - 📁 Revisa el archivo migration.log para detalles completos
