Traceback (most recent call last):
  File "<frozen runpy>", line 198, in _run_module_as_main
  File "<frozen runpy>", line 88, in _run_code
  File "C:\Users\amejoramiento6\AppData\Local\Programs\Python\Python311\Lib\site-packages\uvicorn\__main__.py", line 4, in <module>
    uvicorn.main()
  File "C:\Users\amejoramiento6\AppData\Local\Programs\Python\Python311\Lib\site-packages\click\core.py", line 1485, in __call__
    return self.main(*args, **kwargs)
           ^^^^^^^^^^^^^^^^^^^^^^^^^^
  File "C:\Users\amejoramiento6\AppData\Local\Programs\Python\Python311\Lib\site-packages\click\core.py", line 1406, in main
    rv = self.invoke(ctx)
         ^^^^^^^^^^^^^^^^
  File "C:\Users\amejoramiento6\AppData\Local\Programs\Python\Python311\Lib\site-packages\click\core.py", line 1269, in invoke
    return ctx.invoke(self.callback, **ctx.params)
           ^^^^^^^^^^^^^^^^^^^^^^^^^^^^^^^^^^^^^^^
  File "C:\Users\amejoramiento6\AppData\Local\Programs\Python\Python311\Lib\site-packages\click\core.py", line 824, in invoke
    return callback(*args, **kwargs)
           ^^^^^^^^^^^^^^^^^^^^^^^^^
  File "C:\Users\amejoramiento6\AppData\Local\Programs\Python\Python311\Lib\site-packages\uvicorn\main.py", line 412, in main
    run(
  File "C:\Users\amejoramiento6\AppData\Local\Programs\Python\Python311\Lib\site-packages\uvicorn\main.py", line 579, in run
    server.run()
  File "C:\Users\amejoramiento6\AppData\Local\Programs\Python\Python311\Lib\site-packages\uvicorn\server.py", line 66, in run
    return asyncio.run(self.serve(sockets=sockets))
           ^^^^^^^^^^^^^^^^^^^^^^^^^^^^^^^^^^^^^^^^
  File "C:\Users\amejoramiento6\AppData\Local\Programs\Python\Python311\Lib\asyncio\runners.py", line 190, in run
    return runner.run(main)
           ^^^^^^^^^^^^^^^^
  File "C:\Users\amejoramiento6\AppData\Local\Programs\Python\Python311\Lib\asyncio\runners.py", line 118, in run
    return self._loop.run_until_complete(task)
           ^^^^^^^^^^^^^^^^^^^^^^^^^^^^^^^^^^^
  File "C:\Users\amejoramiento6\AppData\Local\Programs\Python\Python311\Lib\asyncio\base_events.py", line 654, in run_until_complete
    return future.result()
           ^^^^^^^^^^^^^^^
  File "C:\Users\amejoramiento6\AppData\Local\Programs\Python\Python311\Lib\site-packages\uvicorn\server.py", line 70, in serve
    await self._serve(sockets)
  File "C:\Users\amejoramiento6\AppData\Local\Programs\Python\Python311\Lib\site-packages\uvicorn\server.py", line 77, in _serve
    config.load()
  File "C:\Users\amejoramiento6\AppData\Local\Programs\Python\Python311\Lib\site-packages\uvicorn\config.py", line 435, in load
    self.loaded_app = import_from_string(self.app)
                      ^^^^^^^^^^^^^^^^^^^^^^^^^^^^
  File "C:\Users\amejoramiento6\AppData\Local\Programs\Python\Python311\Lib\site-packages\uvicorn\importer.py", line 19, in import_from_string
    module = importlib.import_module(module_str)
             ^^^^^^^^^^^^^^^^^^^^^^^^^^^^^^^^^^^
  File "C:\Users\amejoramiento6\AppData\Local\Programs\Python\Python311\Lib\importlib\__init__.py", line 126, in import_module
    return _bootstrap._gcd_import(name[level:], package, level)
           ^^^^^^^^^^^^^^^^^^^^^^^^^^^^^^^^^^^^^^^^^^^^^^^^^^^^
  File "<frozen importlib._bootstrap>", line 1204, in _gcd_import
  File "<frozen importlib._bootstrap>", line 1176, in _find_and_load
  File "<frozen importlib._bootstrap>", line 1147, in _find_and_load_unlocked
  File "<frozen importlib._bootstrap>", line 690, in _load_unlocked
  File "<frozen importlib._bootstrap_external>", line 940, in exec_module
  File "<frozen importlib._bootstrap>", line 241, in _call_with_frames_removed
  File "C:\Users\amejoramiento6\Desktop\Gestor de proyectos\Gestor-de-proyectos-Ti\backend_v2\app\main.py", line 48, in <module>
    from .api.tickets import router as tickets_router
  File "C:\Users\amejoramiento6\Desktop\Gestor de proyectos\Gestor-de-proyectos-Ti\backend_v2\app\api\tickets\__init__.py", line 4, in <module>
    from .router import router
  File "C:\Users\amejoramiento6\Desktop\Gestor de proyectos\Gestor-de-proyectos-Ti\backend_v2\app\api\tickets\router.py", line 15, in <module>
    from app.services.ticket.servicio import TicketService
  File "C:\Users\amejoramiento6\Desktop\Gestor de proyectos\Gestor-de-proyectos-Ti\backend_v2\app\services\ticket\__init__.py", line 4, in <module>
    from .servicio import ServicioTicket
ImportError: cannot import name 'ServicioTicket' from 'app.services.ticket.servicio' (C:\Users\amejoramiento6\Desktop\Gestor de proyectos\Gestor-de-proyectos-Ti\backend_v2\app\services\ticket\servicio.py)
